# JRE version: OpenJDK Runtime Environment (21.0.8) (build 21.0.8+-14196175-b1038.72)
# Java VM: OpenJDK 64-Bit Server VM (21.0.8+-14196175-b1038.72, mixed mode, tiered, compressed oops, compressed class ptrs, g1 gc, windows-amd64)
GC Precious Log:
 CardTable entry size: 512
 Card Set container configuration: InlinePtr #cards 4 size 8 Array Of Cards #cards 16 size 48 Howl #buckets 8 coarsen threshold 3686 Howl Bitmap #cards 512 size 80 coarsen threshold 460 Card regions per heap region 1 cards per card region 4096
 CPUs: 8 total, 8 available
 Memory: 16112M
 Large Page Support: Disabled
 NUMA Support: Disabled
 Compressed Oops: Enabled (Zero based)
 Heap Region Size: 2M
 Heap Min Capacity: 8M
 Heap Initial Capacity: 252M
 Heap Max Capacity: 4030M
 Pre-touch: Disabled
 Parallel Workers: 8
 Concurrent Workers: 2
 Concurrent Refinement Workers: 8
 Periodic GC: Disabled
Heap:
 garbage-first heap   total 143360K, used 33899K [0x0000000704200000, 0x0000000800000000)
  region size 2048K, 13 young (26624K), 1 survivors (2048K)
 Metaspace       used 29443K, committed 29696K, reserved 1114112K
  class space    used 3726K, committed 3840K, reserved 1048576K
GC Heap History (14 events):
Event: 1.211 GC heap before
{Heap before GC invocations=0 (full 0):
 garbage-first heap   total 258048K, used 26624K [0x0000000704200000, 0x0000000800000000)
  region size 2048K, 11 young (22528K), 0 survivors (0K)
 Metaspace       used 14458K, committed 14656K, reserved 1114112K
  class space    used 1457K, committed 1536K, reserved 1048576K
}
Event: 1.214 GC heap after
{Heap after GC invocations=1 (full 0):
 garbage-first heap   total 258048K, used 6997K [0x0000000704200000, 0x0000000800000000)
  region size 2048K, 2 young (4096K), 2 survivors (4096K)
 Metaspace       used 14458K, committed 14656K, reserved 1114112K
  class space    used 1457K, committed 1536K, reserved 1048576K
}
Event: 2.693 GC heap before
{Heap before GC invocations=1 (full 0):
 garbage-first heap   total 258048K, used 25429K [0x0000000704200000, 0x0000000800000000)
  region size 2048K, 12 young (24576K), 2 survivors (4096K)
 Metaspace       used 21325K, committed 21504K, reserved 1114112K
  class space    used 2305K, committed 2432K, reserved 1048576K
}
Event: 3.702 GC heap after
{Heap after GC invocations=2 (full 0):
 garbage-first heap   total 258048K, used 7825K [0x0000000704200000, 0x0000000800000000)
  region size 2048K, 2 young (4096K), 2 survivors (4096K)
 Metaspace       used 21325K, committed 21504K, reserved 1114112K
  class space    used 2305K, committed 2432K, reserved 1048576K
}
Event: 3.934 GC heap before
{Heap before GC invocations=3 (full 0):
 garbage-first heap   total 28672K, used 16017K [0x0000000704200000, 0x0000000800000000)
  region size 2048K, 6 young (12288K), 2 survivors (4096K)
 Metaspace       used 23787K, committed 24064K, reserved 1114112K
  class space    used 2892K, committed 3008K, reserved 1048576K
}
Event: 3.938 GC heap after
{Heap after GC invocations=4 (full 0):
 garbage-first heap   total 28672K, used 8814K [0x0000000704200000, 0x0000000800000000)
  region size 2048K, 1 young (2048K), 1 survivors (2048K)
 Metaspace       used 23787K, committed 24064K, reserved 1114112K
  class space    used 2892K, committed 3008K, reserved 1048576K
}
Event: 3.995 GC heap before
{Heap before GC invocations=4 (full 0):
 garbage-first heap   total 28672K, used 10862K [0x0000000704200000, 0x0000000800000000)
  region size 2048K, 2 young (4096K), 1 survivors (2048K)
 Metaspace       used 23794K, committed 24064K, reserved 1114112K
  class space    used 2892K, committed 3008K, reserved 1048576K
}
Event: 3.998 GC heap after
{Heap after GC invocations=5 (full 0):
 garbage-first heap   total 28672K, used 9153K [0x0000000704200000, 0x0000000800000000)
  region size 2048K, 1 young (2048K), 1 survivors (2048K)
 Metaspace       used 23794K, committed 24064K, reserved 1114112K
  class space    used 2892K, committed 3008K, reserved 1048576K
}
Event: 4.055 GC heap before
{Heap before GC invocations=5 (full 0):
 garbage-first heap   total 28672K, used 11201K [0x0000000704200000, 0x0000000800000000)
  region size 2048K, 2 young (4096K), 1 survivors (2048K)
 Metaspace       used 23812K, committed 24128K, reserved 1114112K
  class space    used 2892K, committed 3008K, reserved 1048576K
}
Event: 4.058 GC heap after
{Heap after GC invocations=6 (full 0):
 garbage-first heap   total 28672K, used 9705K [0x0000000704200000, 0x0000000800000000)
  region size 2048K, 1 young (2048K), 1 survivors (2048K)
 Metaspace       used 23812K, committed 24128K, reserved 1114112K
  class space    used 2892K, committed 3008K, reserved 1048576K
}
Event: 4.095 GC heap before
{Heap before GC invocations=6 (full 0):
 garbage-first heap   total 28672K, used 13801K [0x0000000704200000, 0x0000000800000000)
  region size 2048K, 2 young (4096K), 1 survivors (2048K)
 Metaspace       used 23812K, committed 24128K, reserved 1114112K
  class space    used 2892K, committed 3008K, reserved 1048576K
}
Event: 4.097 GC heap after
{Heap after GC invocations=7 (full 0):
 garbage-first heap   total 28672K, used 12652K [0x0000000704200000, 0x0000000800000000)
  region size 2048K, 1 young (2048K), 1 survivors (2048K)
 Metaspace       used 23812K, committed 24128K, reserved 1114112K
  class space    used 2892K, committed 3008K, reserved 1048576K
}
Event: 4.104 GC heap before
{Heap before GC invocations=7 (full 0):
 garbage-first heap   total 28672K, used 14700K [0x0000000704200000, 0x0000000800000000)
  region size 2048K, 2 young (4096K), 1 survivors (2048K)
 Metaspace       used 23812K, committed 24128K, reserved 1114112K
  class space    used 2892K, committed 3008K, reserved 1048576K
}
Event: 4.108 GC heap after
{Heap after GC invocations=8 (full 0):
 garbage-first heap   total 143360K, used 13419K [0x0000000704200000, 0x0000000800000000)
  region size 2048K, 1 young (2048K), 1 survivors (2048K)
 Metaspace       used 23812K, committed 24128K, reserved 1114112K
  class space    used 2892K, committed 3008K, reserved 1048576K
}

